<?xml version="1.0" encoding="UTF-8"?>
<testng-results ignored="0" total="1" passed="1" failed="0" skipped="0">
  <reporter-output>
  </reporter-output>
  <suite started-at="2024-05-18T19:12:56 EEST" name="Default suite" finished-at="2024-05-18T19:13:01 EEST" duration-ms="5023">
    <groups>
    </groups>
    <test started-at="2024-05-18T19:12:56 EEST" name="Default test" finished-at="2024-05-18T19:13:01 EEST" duration-ms="5023">
      <class name="myTestCases.MyClass">
        <test-method is-config="true" signature="mySetup()[pri:0, instance:myTestCases.MyClass@57abad67]" started-at="2024-05-18T19:12:56 EEST" name="mySetup" finished-at="2024-05-18T19:12:57 EEST" duration-ms="1178" status="PASS">
          <reporter-output>
          </reporter-output>
        </test-method> <!-- mySetup -->
        <test-method signature="login()[pri:0, instance:myTestCases.MyClass@57abad67]" started-at="2024-05-18T19:12:57 EEST" name="login" finished-at="2024-05-18T19:13:01 EEST" duration-ms="3730" status="PASS">
          <reporter-output>
          </reporter-output>
        </test-method> <!-- login -->
        <test-method is-config="true" signature="myPOSTTESTING()[pri:0, instance:myTestCases.MyClass@57abad67]" started-at="2024-05-18T19:13:01 EEST" name="myPOSTTESTING" finished-at="2024-05-18T19:13:01 EEST" duration-ms="1" status="PASS">
          <reporter-output>
          </reporter-output>
        </test-method> <!-- myPOSTTESTING -->
      </class> <!-- myTestCases.MyClass -->
    </test> <!-- Default test -->
  </suite> <!-- Default suite -->
</testng-results>
